<?xml version="1.0" encoding="UTF-8"?>
<!-- Generated by org.testng.reporters.JUnitXMLReporter -->
<testsuite hostname="Nirbhay-PC" ignored="0" name="IETestCases" tests="1" failures="1" timestamp="28 Mar 2019 09:17:47 GMT" time="0.134" errors="0">
  <testcase name="verifyPageTitle" time="0.06" classname="crossBrowser.VerifyTitle">
    <failure type="java.lang.NullPointerException">
      <![CDATA[java.lang.NullPointerException
at crossBrowser.VerifyTitle.verifyPageTitle(VerifyTitle.java:32)
at java.util.concurrent.FutureTask.run(Unknown Source)
at java.util.concurrent.ThreadPoolExecutor.runWorker(Unknown Source)
at java.util.concurrent.ThreadPoolExecutor$Worker.run(Unknown Source)
at java.lang.Thread.run(Unknown Source)
... Removed 16 stack frames]]>
    </failure>
  </testcase> <!-- verifyPageTitle -->
</testsuite> <!-- IETestCases -->
